00:00:00.496805 VirtualBox GUI VM Selector Window 7.0.4 r154605 linux.amd64 (Nov 18 2022 12:54:46) release log
00:00:00.496809 Log opened 2022-12-30T09:32:49.657614000Z
00:00:00.496811 Build Type: release
00:00:00.496815 OS Product: Linux
00:00:00.496817 OS Release: 6.1.1-arch1-1
00:00:00.496819 OS Version: #1 SMP PREEMPT_DYNAMIC Wed, 21 Dec 2022 22:27:55 +0000
00:00:00.496864 DMI Product Name: VivoBook_ASUSLaptop X430FA_S430FA
00:00:00.496881 DMI Product Version: 1.0       
00:00:00.496894 Firmware type: UEFI
00:00:00.498139 Secure Boot: Disabled
00:00:00.498227 Host RAM: 7799MB (7.6GB) total, 6995MB (6.8GB) available
00:00:00.498234 Executable: /usr/lib/virtualbox/VirtualBox
00:00:00.498235 Process ID: 16387
00:00:00.498236 Package type: LINUX_64BITS_GENERIC (OSE)
00:00:00.498365 Qt version: 5.15.7
00:00:00.500757 GUI: UIMediumEnumerator: Initial medium-enumeration finished!
00:00:00.527884 GUI: UIMediumEnumerator: Medium-enumeration started...
00:00:01.420840 GUI: UIDesktopWidgetWatchdog::sltHandleHostScreenAvailableGeometryCalculated: Screen 0 work area is actually resized to: 3x37 x 1914x1043
00:00:01.502929 GUI: UIMediumEnumerator: Medium-enumeration finished!
00:00:04.050448 ERROR [COM]: aRC=NS_ERROR_UNEXPECTED (0x8000ffff) aIID={c0447716-ff5a-4795-b57a-ecd5fffa18a4} aComponent={SessionWrap} aText={The session is not locked (session state: Unlocked)}, preserve=false aResultDetail=0
00:01:19.825159 GUI: UIMediumEnumerator: Medium-enumeration finished!
00:01:25.106454 GUI: UIMediumEnumerator: Medium-enumeration finished!
00:01:39.786783 GUI: UIMediumEnumerator: Medium-enumeration finished!
00:02:01.917858 GUI: UIMediumEnumerator: Medium-enumeration finished!
00:04:27.976641 GUI: UIMediumEnumerator: Medium-enumeration finished!
00:04:33.913377 GUI: UIMediumEnumerator: Medium-enumeration finished!
00:42:16.466087 GUI: UICommon: Handling aboutToQuit request..
00:42:17.089227 GUI: UICommon: aboutToQuit request handled!
